Performing C SOURCE FILE Test CMAKE_HAVE_LIBC_PTHREAD failed with the following output:
Change Dir: /home/marlo/Documents/deepgarden/CMakeFiles/CMakeTmp

Run Build Command(s):/usr/bin/make cmTC_67fd5/fast && make[1]: Entering directory '/home/marlo/Documents/deepgarden/CMakeFiles/CMakeTmp'
/usr/bin/make -f CMakeFiles/cmTC_67fd5.dir/build.make CMakeFiles/cmTC_67fd5.dir/build
make[2]: Entering directory '/home/marlo/Documents/deepgarden/CMakeFiles/CMakeTmp'
Building C object CMakeFiles/cmTC_67fd5.dir/src.c.o
/usr/bin/cc   -DCMAKE_HAVE_LIBC_PTHREAD   -o CMakeFiles/cmTC_67fd5.dir/src.c.o   -c /home/marlo/Documents/deepgarden/CMakeFiles/CMakeTmp/src.c
Linking C executable cmTC_67fd5
/usr/bin/cmake -E cmake_link_script CMakeFiles/cmTC_67fd5.dir/link.txt --verbose=1
/usr/bin/cc  -DCMAKE_HAVE_LIBC_PTHREAD    CMakeFiles/cmTC_67fd5.dir/src.c.o  -o cmTC_67fd5 
/usr/bin/ld: CMakeFiles/cmTC_67fd5.dir/src.c.o: in function `main':
src.c:(.text+0x46): undefined reference to `pthread_create'
/usr/bin/ld: src.c:(.text+0x52): undefined reference to `pthread_detach'
/usr/bin/ld: src.c:(.text+0x63): undefined reference to `pthread_join'
collect2: error: ld returned 1 exit status
make[2]: *** [CMakeFiles/cmTC_67fd5.dir/build.make:87: cmTC_67fd5] Error 1
make[2]: Leaving directory '/home/marlo/Documents/deepgarden/CMakeFiles/CMakeTmp'
make[1]: *** [Makefile:121: cmTC_67fd5/fast] Error 2
make[1]: Leaving directory '/home/marlo/Documents/deepgarden/CMakeFiles/CMakeTmp'


Source file was:
#include <pthread.h>

void* test_func(void* data)
{
  return data;
}

int main(void)
{
  pthread_t thread;
  pthread_create(&thread, NULL, test_func, NULL);
  pthread_detach(thread);
  pthread_join(thread, NULL);
  pthread_atfork(NULL, NULL, NULL);
  pthread_exit(NULL);

  return 0;
}

Determining if the function pthread_create exists in the pthreads failed with the following output:
Change Dir: /home/marlo/Documents/deepgarden/CMakeFiles/CMakeTmp

Run Build Command(s):/usr/bin/make cmTC_0a2da/fast && make[1]: Entering directory '/home/marlo/Documents/deepgarden/CMakeFiles/CMakeTmp'
/usr/bin/make -f CMakeFiles/cmTC_0a2da.dir/build.make CMakeFiles/cmTC_0a2da.dir/build
make[2]: Entering directory '/home/marlo/Documents/deepgarden/CMakeFiles/CMakeTmp'
Building C object CMakeFiles/cmTC_0a2da.dir/CheckFunctionExists.c.o
/usr/bin/cc   -DCHECK_FUNCTION_EXISTS=pthread_create   -o CMakeFiles/cmTC_0a2da.dir/CheckFunctionExists.c.o   -c /usr/share/cmake-3.16/Modules/CheckFunctionExists.c
Linking C executable cmTC_0a2da
/usr/bin/cmake -E cmake_link_script CMakeFiles/cmTC_0a2da.dir/link.txt --verbose=1
/usr/bin/cc  -DCHECK_FUNCTION_EXISTS=pthread_create    CMakeFiles/cmTC_0a2da.dir/CheckFunctionExists.c.o  -o cmTC_0a2da  -lpthreads 
/usr/bin/ld: cannot find -lpthreads
collect2: error: ld returned 1 exit status
make[2]: *** [CMakeFiles/cmTC_0a2da.dir/build.make:87: cmTC_0a2da] Error 1
make[2]: Leaving directory '/home/marlo/Documents/deepgarden/CMakeFiles/CMakeTmp'
make[1]: *** [Makefile:121: cmTC_0a2da/fast] Error 2
make[1]: Leaving directory '/home/marlo/Documents/deepgarden/CMakeFiles/CMakeTmp'



Performing C SOURCE FILE Test CMAKE_HAVE_LIBC_PTHREAD failed with the following output:
Change Dir: /home/marlo/Documents/cpp_game_engine/CMakeFiles/CMakeTmp

Run Build Command(s):/usr/bin/make cmTC_41380/fast && /usr/bin/make -f CMakeFiles/cmTC_41380.dir/build.make CMakeFiles/cmTC_41380.dir/build
make[1]: Entering directory '/home/marlo/Documents/cpp_game_engine/CMakeFiles/CMakeTmp'
Building C object CMakeFiles/cmTC_41380.dir/src.c.o
/usr/bin/cc   -DCMAKE_HAVE_LIBC_PTHREAD   -o CMakeFiles/cmTC_41380.dir/src.c.o   -c /home/marlo/Documents/cpp_game_engine/CMakeFiles/CMakeTmp/src.c
Linking C executable cmTC_41380
/usr/bin/cmake -E cmake_link_script CMakeFiles/cmTC_41380.dir/link.txt --verbose=1
/usr/bin/cc  -DCMAKE_HAVE_LIBC_PTHREAD    CMakeFiles/cmTC_41380.dir/src.c.o  -o cmTC_41380 
/usr/bin/ld: CMakeFiles/cmTC_41380.dir/src.c.o: in function `main':
src.c:(.text+0x46): undefined reference to `pthread_create'
/usr/bin/ld: src.c:(.text+0x52): undefined reference to `pthread_detach'
/usr/bin/ld: src.c:(.text+0x63): undefined reference to `pthread_join'
collect2: error: ld returned 1 exit status
make[1]: *** [CMakeFiles/cmTC_41380.dir/build.make:87: cmTC_41380] Error 1
make[1]: Leaving directory '/home/marlo/Documents/cpp_game_engine/CMakeFiles/CMakeTmp'
make: *** [Makefile:121: cmTC_41380/fast] Error 2


Source file was:
#include <pthread.h>

void* test_func(void* data)
{
  return data;
}

int main(void)
{
  pthread_t thread;
  pthread_create(&thread, NULL, test_func, NULL);
  pthread_detach(thread);
  pthread_join(thread, NULL);
  pthread_atfork(NULL, NULL, NULL);
  pthread_exit(NULL);

  return 0;
}

Determining if the function pthread_create exists in the pthreads failed with the following output:
Change Dir: /home/marlo/Documents/cpp_game_engine/CMakeFiles/CMakeTmp

Run Build Command(s):/usr/bin/make cmTC_a246e/fast && /usr/bin/make -f CMakeFiles/cmTC_a246e.dir/build.make CMakeFiles/cmTC_a246e.dir/build
make[1]: Entering directory '/home/marlo/Documents/cpp_game_engine/CMakeFiles/CMakeTmp'
Building C object CMakeFiles/cmTC_a246e.dir/CheckFunctionExists.c.o
/usr/bin/cc   -DCHECK_FUNCTION_EXISTS=pthread_create   -o CMakeFiles/cmTC_a246e.dir/CheckFunctionExists.c.o   -c /usr/share/cmake-3.16/Modules/CheckFunctionExists.c
Linking C executable cmTC_a246e
/usr/bin/cmake -E cmake_link_script CMakeFiles/cmTC_a246e.dir/link.txt --verbose=1
/usr/bin/cc  -DCHECK_FUNCTION_EXISTS=pthread_create    CMakeFiles/cmTC_a246e.dir/CheckFunctionExists.c.o  -o cmTC_a246e  -lpthreads 
/usr/bin/ld: cannot find -lpthreads
collect2: error: ld returned 1 exit status
make[1]: *** [CMakeFiles/cmTC_a246e.dir/build.make:87: cmTC_a246e] Error 1
make[1]: Leaving directory '/home/marlo/Documents/cpp_game_engine/CMakeFiles/CMakeTmp'
make: *** [Makefile:121: cmTC_a246e/fast] Error 2



Performing C SOURCE FILE Test CMAKE_HAVE_LIBC_PTHREAD failed with the following output:
Change Dir: /home/marlo/Documents/untitled_marlo_project_cpp/CMakeFiles/CMakeTmp

Run Build Command(s):/usr/bin/make cmTC_5f692/fast && /usr/bin/make -f CMakeFiles/cmTC_5f692.dir/build.make CMakeFiles/cmTC_5f692.dir/build
make[1]: Entering directory '/home/marlo/Documents/untitled_marlo_project_cpp/CMakeFiles/CMakeTmp'
Building C object CMakeFiles/cmTC_5f692.dir/src.c.o
/usr/bin/cc   -DCMAKE_HAVE_LIBC_PTHREAD   -o CMakeFiles/cmTC_5f692.dir/src.c.o   -c /home/marlo/Documents/untitled_marlo_project_cpp/CMakeFiles/CMakeTmp/src.c
Linking C executable cmTC_5f692
/usr/bin/cmake -E cmake_link_script CMakeFiles/cmTC_5f692.dir/link.txt --verbose=1
/usr/bin/cc  -DCMAKE_HAVE_LIBC_PTHREAD    CMakeFiles/cmTC_5f692.dir/src.c.o  -o cmTC_5f692 
/usr/bin/ld: CMakeFiles/cmTC_5f692.dir/src.c.o: in function `main':
src.c:(.text+0x46): undefined reference to `pthread_create'
/usr/bin/ld: src.c:(.text+0x52): undefined reference to `pthread_detach'
/usr/bin/ld: src.c:(.text+0x63): undefined reference to `pthread_join'
collect2: error: ld returned 1 exit status
make[1]: *** [CMakeFiles/cmTC_5f692.dir/build.make:87: cmTC_5f692] Error 1
make[1]: Leaving directory '/home/marlo/Documents/untitled_marlo_project_cpp/CMakeFiles/CMakeTmp'
make: *** [Makefile:121: cmTC_5f692/fast] Error 2


Source file was:
#include <pthread.h>

void* test_func(void* data)
{
  return data;
}

int main(void)
{
  pthread_t thread;
  pthread_create(&thread, NULL, test_func, NULL);
  pthread_detach(thread);
  pthread_join(thread, NULL);
  pthread_atfork(NULL, NULL, NULL);
  pthread_exit(NULL);

  return 0;
}

Determining if the function pthread_create exists in the pthreads failed with the following output:
Change Dir: /home/marlo/Documents/untitled_marlo_project_cpp/CMakeFiles/CMakeTmp

Run Build Command(s):/usr/bin/make cmTC_51390/fast && /usr/bin/make -f CMakeFiles/cmTC_51390.dir/build.make CMakeFiles/cmTC_51390.dir/build
make[1]: Entering directory '/home/marlo/Documents/untitled_marlo_project_cpp/CMakeFiles/CMakeTmp'
Building C object CMakeFiles/cmTC_51390.dir/CheckFunctionExists.c.o
/usr/bin/cc   -DCHECK_FUNCTION_EXISTS=pthread_create   -o CMakeFiles/cmTC_51390.dir/CheckFunctionExists.c.o   -c /usr/share/cmake-3.16/Modules/CheckFunctionExists.c
Linking C executable cmTC_51390
/usr/bin/cmake -E cmake_link_script CMakeFiles/cmTC_51390.dir/link.txt --verbose=1
/usr/bin/cc  -DCHECK_FUNCTION_EXISTS=pthread_create    CMakeFiles/cmTC_51390.dir/CheckFunctionExists.c.o  -o cmTC_51390  -lpthreads 
/usr/bin/ld: cannot find -lpthreads
collect2: error: ld returned 1 exit status
make[1]: *** [CMakeFiles/cmTC_51390.dir/build.make:87: cmTC_51390] Error 1
make[1]: Leaving directory '/home/marlo/Documents/untitled_marlo_project_cpp/CMakeFiles/CMakeTmp'
make: *** [Makefile:121: cmTC_51390/fast] Error 2



Performing C SOURCE FILE Test CMAKE_HAVE_LIBC_PTHREAD failed with the following output:
Change Dir: /home/marlo/Documents/untitled_marlo_project/CMakeFiles/CMakeTmp

Run Build Command(s):/usr/bin/make cmTC_210ef/fast && /usr/bin/make -f CMakeFiles/cmTC_210ef.dir/build.make CMakeFiles/cmTC_210ef.dir/build
make[1]: Entering directory '/home/marlo/Documents/untitled_marlo_project/CMakeFiles/CMakeTmp'
Building C object CMakeFiles/cmTC_210ef.dir/src.c.o
/usr/bin/cc   -DCMAKE_HAVE_LIBC_PTHREAD   -o CMakeFiles/cmTC_210ef.dir/src.c.o   -c /home/marlo/Documents/untitled_marlo_project/CMakeFiles/CMakeTmp/src.c
Linking C executable cmTC_210ef
/usr/bin/cmake -E cmake_link_script CMakeFiles/cmTC_210ef.dir/link.txt --verbose=1
/usr/bin/cc  -DCMAKE_HAVE_LIBC_PTHREAD    CMakeFiles/cmTC_210ef.dir/src.c.o  -o cmTC_210ef 
/usr/bin/ld: CMakeFiles/cmTC_210ef.dir/src.c.o: in function `main':
src.c:(.text+0x46): undefined reference to `pthread_create'
/usr/bin/ld: src.c:(.text+0x52): undefined reference to `pthread_detach'
/usr/bin/ld: src.c:(.text+0x63): undefined reference to `pthread_join'
collect2: error: ld returned 1 exit status
make[1]: *** [CMakeFiles/cmTC_210ef.dir/build.make:87: cmTC_210ef] Error 1
make[1]: Leaving directory '/home/marlo/Documents/untitled_marlo_project/CMakeFiles/CMakeTmp'
make: *** [Makefile:121: cmTC_210ef/fast] Error 2


Source file was:
#include <pthread.h>

void* test_func(void* data)
{
  return data;
}

int main(void)
{
  pthread_t thread;
  pthread_create(&thread, NULL, test_func, NULL);
  pthread_detach(thread);
  pthread_join(thread, NULL);
  pthread_atfork(NULL, NULL, NULL);
  pthread_exit(NULL);

  return 0;
}

Determining if the function pthread_create exists in the pthreads failed with the following output:
Change Dir: /home/marlo/Documents/untitled_marlo_project/CMakeFiles/CMakeTmp

Run Build Command(s):/usr/bin/make cmTC_89b0a/fast && /usr/bin/make -f CMakeFiles/cmTC_89b0a.dir/build.make CMakeFiles/cmTC_89b0a.dir/build
make[1]: Entering directory '/home/marlo/Documents/untitled_marlo_project/CMakeFiles/CMakeTmp'
Building C object CMakeFiles/cmTC_89b0a.dir/CheckFunctionExists.c.o
/usr/bin/cc   -DCHECK_FUNCTION_EXISTS=pthread_create   -o CMakeFiles/cmTC_89b0a.dir/CheckFunctionExists.c.o   -c /usr/share/cmake-3.16/Modules/CheckFunctionExists.c
Linking C executable cmTC_89b0a
/usr/bin/cmake -E cmake_link_script CMakeFiles/cmTC_89b0a.dir/link.txt --verbose=1
/usr/bin/cc  -DCHECK_FUNCTION_EXISTS=pthread_create    CMakeFiles/cmTC_89b0a.dir/CheckFunctionExists.c.o  -o cmTC_89b0a  -lpthreads 
/usr/bin/ld: cannot find -lpthreads
collect2: error: ld returned 1 exit status
make[1]: *** [CMakeFiles/cmTC_89b0a.dir/build.make:87: cmTC_89b0a] Error 1
make[1]: Leaving directory '/home/marlo/Documents/untitled_marlo_project/CMakeFiles/CMakeTmp'
make: *** [Makefile:121: cmTC_89b0a/fast] Error 2



